<?xml version="1.0" encoding="UTF-8"?>
<testsuite xmlns:xsi="http://www.w3.org/2001/XMLSchema-instance" xsi:noNamespaceSchemaLocation="https://maven.apache.org/surefire/maven-surefire-plugin/xsd/surefire-test-report.xsd" name="TestRegistrationMain" time="14.325" tests="2" errors="0" skipped="0" failures="1">
  <properties>
    <property name="java.specification.version" value="19"/>
    <property name="sun.jnu.encoding" value="UTF-8"/>
    <property name="java.class.path" value="/Users/anna_abramova/Documents/Diplom/Diplom_3/target/test-classes:/Users/anna_abramova/Documents/Diplom/Diplom_3/target/classes:/Users/anna_abramova/.m2/repository/io/rest-assured/rest-assured/5.1.1/rest-assured-5.1.1.jar:/Users/anna_abramova/.m2/repository/org/apache/groovy/groovy/4.0.1/groovy-4.0.1.jar:/Users/anna_abramova/.m2/repository/org/apache/groovy/groovy-xml/4.0.1/groovy-xml-4.0.1.jar:/Users/anna_abramova/.m2/repository/org/apache/httpcomponents/httpclient/4.5.13/httpclient-4.5.13.jar:/Users/anna_abramova/.m2/repository/org/apache/httpcomponents/httpcore/4.4.13/httpcore-4.4.13.jar:/Users/anna_abramova/.m2/repository/commons-logging/commons-logging/1.2/commons-logging-1.2.jar:/Users/anna_abramova/.m2/repository/commons-codec/commons-codec/1.11/commons-codec-1.11.jar:/Users/anna_abramova/.m2/repository/org/apache/httpcomponents/httpmime/4.5.13/httpmime-4.5.13.jar:/Users/anna_abramova/.m2/repository/org/hamcrest/hamcrest/2.1/hamcrest-2.1.jar:/Users/anna_abramova/.m2/repository/org/ccil/cowan/tagsoup/tagsoup/1.2.1/tagsoup-1.2.1.jar:/Users/anna_abramova/.m2/repository/io/rest-assured/json-path/5.1.1/json-path-5.1.1.jar:/Users/anna_abramova/.m2/repository/org/apache/groovy/groovy-json/4.0.1/groovy-json-4.0.1.jar:/Users/anna_abramova/.m2/repository/io/rest-assured/rest-assured-common/5.1.1/rest-assured-common-5.1.1.jar:/Users/anna_abramova/.m2/repository/io/rest-assured/xml-path/5.1.1/xml-path-5.1.1.jar:/Users/anna_abramova/.m2/repository/junit/junit/4.12/junit-4.12.jar:/Users/anna_abramova/.m2/repository/org/hamcrest/hamcrest-core/1.3/hamcrest-core-1.3.jar:/Users/anna_abramova/.m2/repository/com/google/code/gson/gson/2.8.9/gson-2.8.9.jar:/Users/anna_abramova/.m2/repository/io/qameta/allure/allure-junit4/2.21.0/allure-junit4-2.21.0.jar:/Users/anna_abramova/.m2/repository/io/qameta/allure/allure-java-commons/2.21.0/allure-java-commons-2.21.0.jar:/Users/anna_abramova/.m2/repository/io/qameta/allure/allure-model/2.21.0/allure-model-2.21.0.jar:/Users/anna_abramova/.m2/repository/io/qameta/allure/allure-rest-assured/2.21.0/allure-rest-assured-2.21.0.jar:/Users/anna_abramova/.m2/repository/io/qameta/allure/allure-attachments/2.21.0/allure-attachments-2.21.0.jar:/Users/anna_abramova/.m2/repository/org/freemarker/freemarker/2.3.31/freemarker-2.3.31.jar:/Users/anna_abramova/.m2/repository/org/aspectj/aspectjweaver/1.9.9.1/aspectjweaver-1.9.9.1.jar:/Users/anna_abramova/.m2/repository/com/fasterxml/jackson/core/jackson-databind/2.13.0/jackson-databind-2.13.0.jar:/Users/anna_abramova/.m2/repository/com/fasterxml/jackson/core/jackson-annotations/2.13.0/jackson-annotations-2.13.0.jar:/Users/anna_abramova/.m2/repository/com/fasterxml/jackson/core/jackson-core/2.13.0/jackson-core-2.13.0.jar:/Users/anna_abramova/.m2/repository/org/seleniumhq/selenium/selenium-java/4.8.0/selenium-java-4.8.0.jar:/Users/anna_abramova/.m2/repository/org/seleniumhq/selenium/selenium-api/4.8.0/selenium-api-4.8.0.jar:/Users/anna_abramova/.m2/repository/org/seleniumhq/selenium/selenium-chrome-driver/4.8.0/selenium-chrome-driver-4.8.0.jar:/Users/anna_abramova/.m2/repository/com/google/guava/guava/31.1-jre/guava-31.1-jre.jar:/Users/anna_abramova/.m2/repository/com/google/guava/failureaccess/1.0.1/failureaccess-1.0.1.jar:/Users/anna_abramova/.m2/repository/com/google/guava/listenablefuture/9999.0-empty-to-avoid-conflict-with-guava/listenablefuture-9999.0-empty-to-avoid-conflict-with-guava.jar:/Users/anna_abramova/.m2/repository/com/google/code/findbugs/jsr305/3.0.2/jsr305-3.0.2.jar:/Users/anna_abramova/.m2/repository/org/checkerframework/checker-qual/3.12.0/checker-qual-3.12.0.jar:/Users/anna_abramova/.m2/repository/com/google/errorprone/error_prone_annotations/2.11.0/error_prone_annotations-2.11.0.jar:/Users/anna_abramova/.m2/repository/com/google/j2objc/j2objc-annotations/1.3/j2objc-annotations-1.3.jar:/Users/anna_abramova/.m2/repository/org/seleniumhq/selenium/selenium-chromium-driver/4.8.0/selenium-chromium-driver-4.8.0.jar:/Users/anna_abramova/.m2/repository/org/seleniumhq/selenium/selenium-json/4.8.0/selenium-json-4.8.0.jar:/Users/anna_abramova/.m2/repository/org/seleniumhq/selenium/selenium-devtools-v107/4.8.0/selenium-devtools-v107-4.8.0.jar:/Users/anna_abramova/.m2/repository/org/seleniumhq/selenium/selenium-devtools-v108/4.8.0/selenium-devtools-v108-4.8.0.jar:/Users/anna_abramova/.m2/repository/org/seleniumhq/selenium/selenium-devtools-v109/4.8.0/selenium-devtools-v109-4.8.0.jar:/Users/anna_abramova/.m2/repository/org/seleniumhq/selenium/selenium-devtools-v85/4.8.0/selenium-devtools-v85-4.8.0.jar:/Users/anna_abramova/.m2/repository/org/seleniumhq/selenium/selenium-edge-driver/4.8.0/selenium-edge-driver-4.8.0.jar:/Users/anna_abramova/.m2/repository/org/seleniumhq/selenium/selenium-firefox-driver/4.8.0/selenium-firefox-driver-4.8.0.jar:/Users/anna_abramova/.m2/repository/org/seleniumhq/selenium/selenium-ie-driver/4.8.0/selenium-ie-driver-4.8.0.jar:/Users/anna_abramova/.m2/repository/org/seleniumhq/selenium/selenium-remote-driver/4.8.0/selenium-remote-driver-4.8.0.jar:/Users/anna_abramova/.m2/repository/com/beust/jcommander/1.82/jcommander-1.82.jar:/Users/anna_abramova/.m2/repository/io/netty/netty-buffer/4.1.87.Final/netty-buffer-4.1.87.Final.jar:/Users/anna_abramova/.m2/repository/io/netty/netty-codec-http/4.1.87.Final/netty-codec-http-4.1.87.Final.jar:/Users/anna_abramova/.m2/repository/io/netty/netty-codec/4.1.87.Final/netty-codec-4.1.87.Final.jar:/Users/anna_abramova/.m2/repository/io/netty/netty-handler/4.1.87.Final/netty-handler-4.1.87.Final.jar:/Users/anna_abramova/.m2/repository/io/netty/netty-common/4.1.87.Final/netty-common-4.1.87.Final.jar:/Users/anna_abramova/.m2/repository/io/netty/netty-transport-classes-epoll/4.1.87.Final/netty-transport-classes-epoll-4.1.87.Final.jar:/Users/anna_abramova/.m2/repository/io/netty/netty-transport-classes-kqueue/4.1.87.Final/netty-transport-classes-kqueue-4.1.87.Final.jar:/Users/anna_abramova/.m2/repository/io/netty/netty-transport-native-epoll/4.1.87.Final/netty-transport-native-epoll-4.1.87.Final.jar:/Users/anna_abramova/.m2/repository/io/netty/netty-transport-native-kqueue/4.1.87.Final/netty-transport-native-kqueue-4.1.87.Final.jar:/Users/anna_abramova/.m2/repository/io/netty/netty-transport-native-unix-common/4.1.87.Final/netty-transport-native-unix-common-4.1.87.Final.jar:/Users/anna_abramova/.m2/repository/io/netty/netty-transport/4.1.87.Final/netty-transport-4.1.87.Final.jar:/Users/anna_abramova/.m2/repository/io/netty/netty-resolver/4.1.87.Final/netty-resolver-4.1.87.Final.jar:/Users/anna_abramova/.m2/repository/io/opentelemetry/opentelemetry-api/1.22.0/opentelemetry-api-1.22.0.jar:/Users/anna_abramova/.m2/repository/io/opentelemetry/opentelemetry-context/1.22.0/opentelemetry-context-1.22.0.jar:/Users/anna_abramova/.m2/repository/io/opentelemetry/opentelemetry-exporter-logging/1.22.0/opentelemetry-exporter-logging-1.22.0.jar:/Users/anna_abramova/.m2/repository/io/opentelemetry/opentelemetry-sdk-metrics/1.22.0/opentelemetry-sdk-metrics-1.22.0.jar:/Users/anna_abramova/.m2/repository/io/opentelemetry/opentelemetry-sdk-logs/1.22.0-alpha/opentelemetry-sdk-logs-1.22.0-alpha.jar:/Users/anna_abramova/.m2/repository/io/opentelemetry/opentelemetry-api-logs/1.22.0-alpha/opentelemetry-api-logs-1.22.0-alpha.jar:/Users/anna_abramova/.m2/repository/io/opentelemetry/opentelemetry-sdk-common/1.22.0/opentelemetry-sdk-common-1.22.0.jar:/Users/anna_abramova/.m2/repository/io/opentelemetry/opentelemetry-sdk-extension-autoconfigure-spi/1.22.0/opentelemetry-sdk-extension-autoconfigure-spi-1.22.0.jar:/Users/anna_abramova/.m2/repository/io/opentelemetry/opentelemetry-sdk-extension-autoconfigure/1.22.0-alpha/opentelemetry-sdk-extension-autoconfigure-1.22.0-alpha.jar:/Users/anna_abramova/.m2/repository/io/opentelemetry/opentelemetry-sdk-trace/1.22.0/opentelemetry-sdk-trace-1.22.0.jar:/Users/anna_abramova/.m2/repository/io/opentelemetry/opentelemetry-sdk/1.22.0/opentelemetry-sdk-1.22.0.jar:/Users/anna_abramova/.m2/repository/io/opentelemetry/opentelemetry-semconv/1.22.0-alpha/opentelemetry-semconv-1.22.0-alpha.jar:/Users/anna_abramova/.m2/repository/io/ous/jtoml/2.0.0/jtoml-2.0.0.jar:/Users/anna_abramova/.m2/repository/net/bytebuddy/byte-buddy/1.12.22/byte-buddy-1.12.22.jar:/Users/anna_abramova/.m2/repository/org/apache/commons/commons-exec/1.3/commons-exec-1.3.jar:/Users/anna_abramova/.m2/repository/org/asynchttpclient/async-http-client/2.12.3/async-http-client-2.12.3.jar:/Users/anna_abramova/.m2/repository/org/asynchttpclient/async-http-client-netty-utils/2.12.3/async-http-client-netty-utils-2.12.3.jar:/Users/anna_abramova/.m2/repository/io/netty/netty-codec-socks/4.1.60.Final/netty-codec-socks-4.1.60.Final.jar:/Users/anna_abramova/.m2/repository/io/netty/netty-handler-proxy/4.1.60.Final/netty-handler-proxy-4.1.60.Final.jar:/Users/anna_abramova/.m2/repository/io/netty/netty-transport-native-epoll/4.1.60.Final/netty-transport-native-epoll-4.1.60.Final-linux-x86_64.jar:/Users/anna_abramova/.m2/repository/io/netty/netty-transport-native-kqueue/4.1.60.Final/netty-transport-native-kqueue-4.1.60.Final-osx-x86_64.jar:/Users/anna_abramova/.m2/repository/org/reactivestreams/reactive-streams/1.0.3/reactive-streams-1.0.3.jar:/Users/anna_abramova/.m2/repository/com/typesafe/netty/netty-reactive-streams/2.0.4/netty-reactive-streams-2.0.4.jar:/Users/anna_abramova/.m2/repository/com/sun/activation/jakarta.activation/1.2.2/jakarta.activation-1.2.2.jar:/Users/anna_abramova/.m2/repository/org/seleniumhq/selenium/selenium-manager/4.8.0/selenium-manager-4.8.0.jar:/Users/anna_abramova/.m2/repository/org/seleniumhq/selenium/selenium-safari-driver/4.8.0/selenium-safari-driver-4.8.0.jar:/Users/anna_abramova/.m2/repository/org/seleniumhq/selenium/selenium-support/4.8.0/selenium-support-4.8.0.jar:/Users/anna_abramova/.m2/repository/org/seleniumhq/selenium/selenium-http-jdk-client/4.5.0/selenium-http-jdk-client-4.5.0.jar:/Users/anna_abramova/.m2/repository/com/google/auto/service/auto-service-annotations/1.0.1/auto-service-annotations-1.0.1.jar:/Users/anna_abramova/.m2/repository/com/google/auto/service/auto-service/1.0.1/auto-service-1.0.1.jar:/Users/anna_abramova/.m2/repository/com/google/auto/auto-common/1.2/auto-common-1.2.jar:/Users/anna_abramova/.m2/repository/org/seleniumhq/selenium/selenium-http/4.5.0/selenium-http-4.5.0.jar:/Users/anna_abramova/.m2/repository/dev/failsafe/failsafe/3.2.4/failsafe-3.2.4.jar:/Users/anna_abramova/.m2/repository/io/github/bonigarcia/webdrivermanager/5.3.1/webdrivermanager-5.3.1.jar:/Users/anna_abramova/.m2/repository/com/github/docker-java/docker-java/3.2.13/docker-java-3.2.13.jar:/Users/anna_abramova/.m2/repository/com/github/docker-java/docker-java-core/3.2.13/docker-java-core-3.2.13.jar:/Users/anna_abramova/.m2/repository/com/github/docker-java/docker-java-api/3.2.13/docker-java-api-3.2.13.jar:/Users/anna_abramova/.m2/repository/commons-io/commons-io/2.6/commons-io-2.6.jar:/Users/anna_abramova/.m2/repository/org/apache/commons/commons-compress/1.21/commons-compress-1.21.jar:/Users/anna_abramova/.m2/repository/org/bouncycastle/bcpkix-jdk15on/1.64/bcpkix-jdk15on-1.64.jar:/Users/anna_abramova/.m2/repository/org/bouncycastle/bcprov-jdk15on/1.64/bcprov-jdk15on-1.64.jar:/Users/anna_abramova/.m2/repository/org/slf4j/jcl-over-slf4j/1.7.30/jcl-over-slf4j-1.7.30.jar:/Users/anna_abramova/.m2/repository/com/github/docker-java/docker-java-transport-httpclient5/3.2.13/docker-java-transport-httpclient5-3.2.13.jar:/Users/anna_abramova/.m2/repository/com/github/docker-java/docker-java-transport/3.2.13/docker-java-transport-3.2.13.jar:/Users/anna_abramova/.m2/repository/net/java/dev/jna/jna/5.8.0/jna-5.8.0.jar:/Users/anna_abramova/.m2/repository/org/brotli/dec/0.1.2/dec-0.1.2.jar:/Users/anna_abramova/.m2/repository/org/apache/commons/commons-lang3/3.12.0/commons-lang3-3.12.0.jar:/Users/anna_abramova/.m2/repository/org/apache/httpcomponents/client5/httpclient5/5.1.3/httpclient5-5.1.3.jar:/Users/anna_abramova/.m2/repository/org/apache/httpcomponents/core5/httpcore5/5.1.3/httpcore5-5.1.3.jar:/Users/anna_abramova/.m2/repository/org/apache/httpcomponents/core5/httpcore5-h2/5.1.3/httpcore5-h2-5.1.3.jar:/Users/anna_abramova/.m2/repository/org/slf4j/slf4j-api/1.6.4/slf4j-api-1.6.4.jar:/Users/anna_abramova/.m2/repository/ch/qos/logback/logback-classic/1.0.0/logback-classic-1.0.0.jar:/Users/anna_abramova/.m2/repository/ch/qos/logback/logback-core/1.0.0/logback-core-1.0.0.jar:"/>
    <property name="java.vm.vendor" value="Homebrew"/>
    <property name="sun.arch.data.model" value="64"/>
    <property name="java.vendor.url" value="https://github.com/Homebrew/homebrew-core/issues"/>
    <property name="os.name" value="Mac OS X"/>
    <property name="java.vm.specification.version" value="19"/>
    <property name="sun.java.launcher" value="SUN_STANDARD"/>
    <property name="user.country" value="RU"/>
    <property name="sun.boot.library.path" value="/usr/local/Cellar/openjdk/19/libexec/openjdk.jdk/Contents/Home/lib"/>
    <property name="sun.java.command" value="/Users/anna_abramova/Documents/Diplom/Diplom_3/target/surefire/surefirebooter5717405210306895067.jar /Users/anna_abramova/Documents/Diplom/Diplom_3/target/surefire 2023-03-19T21-38-42_201-jvmRun1 surefire10212308606681587900tmp surefire_015423874051020714504tmp"/>
    <property name="jdk.debug" value="release"/>
    <property name="surefire.test.class.path" value="/Users/anna_abramova/Documents/Diplom/Diplom_3/target/test-classes:/Users/anna_abramova/Documents/Diplom/Diplom_3/target/classes:/Users/anna_abramova/.m2/repository/io/rest-assured/rest-assured/5.1.1/rest-assured-5.1.1.jar:/Users/anna_abramova/.m2/repository/org/apache/groovy/groovy/4.0.1/groovy-4.0.1.jar:/Users/anna_abramova/.m2/repository/org/apache/groovy/groovy-xml/4.0.1/groovy-xml-4.0.1.jar:/Users/anna_abramova/.m2/repository/org/apache/httpcomponents/httpclient/4.5.13/httpclient-4.5.13.jar:/Users/anna_abramova/.m2/repository/org/apache/httpcomponents/httpcore/4.4.13/httpcore-4.4.13.jar:/Users/anna_abramova/.m2/repository/commons-logging/commons-logging/1.2/commons-logging-1.2.jar:/Users/anna_abramova/.m2/repository/commons-codec/commons-codec/1.11/commons-codec-1.11.jar:/Users/anna_abramova/.m2/repository/org/apache/httpcomponents/httpmime/4.5.13/httpmime-4.5.13.jar:/Users/anna_abramova/.m2/repository/org/hamcrest/hamcrest/2.1/hamcrest-2.1.jar:/Users/anna_abramova/.m2/repository/org/ccil/cowan/tagsoup/tagsoup/1.2.1/tagsoup-1.2.1.jar:/Users/anna_abramova/.m2/repository/io/rest-assured/json-path/5.1.1/json-path-5.1.1.jar:/Users/anna_abramova/.m2/repository/org/apache/groovy/groovy-json/4.0.1/groovy-json-4.0.1.jar:/Users/anna_abramova/.m2/repository/io/rest-assured/rest-assured-common/5.1.1/rest-assured-common-5.1.1.jar:/Users/anna_abramova/.m2/repository/io/rest-assured/xml-path/5.1.1/xml-path-5.1.1.jar:/Users/anna_abramova/.m2/repository/junit/junit/4.12/junit-4.12.jar:/Users/anna_abramova/.m2/repository/org/hamcrest/hamcrest-core/1.3/hamcrest-core-1.3.jar:/Users/anna_abramova/.m2/repository/com/google/code/gson/gson/2.8.9/gson-2.8.9.jar:/Users/anna_abramova/.m2/repository/io/qameta/allure/allure-junit4/2.21.0/allure-junit4-2.21.0.jar:/Users/anna_abramova/.m2/repository/io/qameta/allure/allure-java-commons/2.21.0/allure-java-commons-2.21.0.jar:/Users/anna_abramova/.m2/repository/io/qameta/allure/allure-model/2.21.0/allure-model-2.21.0.jar:/Users/anna_abramova/.m2/repository/io/qameta/allure/allure-rest-assured/2.21.0/allure-rest-assured-2.21.0.jar:/Users/anna_abramova/.m2/repository/io/qameta/allure/allure-attachments/2.21.0/allure-attachments-2.21.0.jar:/Users/anna_abramova/.m2/repository/org/freemarker/freemarker/2.3.31/freemarker-2.3.31.jar:/Users/anna_abramova/.m2/repository/org/aspectj/aspectjweaver/1.9.9.1/aspectjweaver-1.9.9.1.jar:/Users/anna_abramova/.m2/repository/com/fasterxml/jackson/core/jackson-databind/2.13.0/jackson-databind-2.13.0.jar:/Users/anna_abramova/.m2/repository/com/fasterxml/jackson/core/jackson-annotations/2.13.0/jackson-annotations-2.13.0.jar:/Users/anna_abramova/.m2/repository/com/fasterxml/jackson/core/jackson-core/2.13.0/jackson-core-2.13.0.jar:/Users/anna_abramova/.m2/repository/org/seleniumhq/selenium/selenium-java/4.8.0/selenium-java-4.8.0.jar:/Users/anna_abramova/.m2/repository/org/seleniumhq/selenium/selenium-api/4.8.0/selenium-api-4.8.0.jar:/Users/anna_abramova/.m2/repository/org/seleniumhq/selenium/selenium-chrome-driver/4.8.0/selenium-chrome-driver-4.8.0.jar:/Users/anna_abramova/.m2/repository/com/google/guava/guava/31.1-jre/guava-31.1-jre.jar:/Users/anna_abramova/.m2/repository/com/google/guava/failureaccess/1.0.1/failureaccess-1.0.1.jar:/Users/anna_abramova/.m2/repository/com/google/guava/listenablefuture/9999.0-empty-to-avoid-conflict-with-guava/listenablefuture-9999.0-empty-to-avoid-conflict-with-guava.jar:/Users/anna_abramova/.m2/repository/com/google/code/findbugs/jsr305/3.0.2/jsr305-3.0.2.jar:/Users/anna_abramova/.m2/repository/org/checkerframework/checker-qual/3.12.0/checker-qual-3.12.0.jar:/Users/anna_abramova/.m2/repository/com/google/errorprone/error_prone_annotations/2.11.0/error_prone_annotations-2.11.0.jar:/Users/anna_abramova/.m2/repository/com/google/j2objc/j2objc-annotations/1.3/j2objc-annotations-1.3.jar:/Users/anna_abramova/.m2/repository/org/seleniumhq/selenium/selenium-chromium-driver/4.8.0/selenium-chromium-driver-4.8.0.jar:/Users/anna_abramova/.m2/repository/org/seleniumhq/selenium/selenium-json/4.8.0/selenium-json-4.8.0.jar:/Users/anna_abramova/.m2/repository/org/seleniumhq/selenium/selenium-devtools-v107/4.8.0/selenium-devtools-v107-4.8.0.jar:/Users/anna_abramova/.m2/repository/org/seleniumhq/selenium/selenium-devtools-v108/4.8.0/selenium-devtools-v108-4.8.0.jar:/Users/anna_abramova/.m2/repository/org/seleniumhq/selenium/selenium-devtools-v109/4.8.0/selenium-devtools-v109-4.8.0.jar:/Users/anna_abramova/.m2/repository/org/seleniumhq/selenium/selenium-devtools-v85/4.8.0/selenium-devtools-v85-4.8.0.jar:/Users/anna_abramova/.m2/repository/org/seleniumhq/selenium/selenium-edge-driver/4.8.0/selenium-edge-driver-4.8.0.jar:/Users/anna_abramova/.m2/repository/org/seleniumhq/selenium/selenium-firefox-driver/4.8.0/selenium-firefox-driver-4.8.0.jar:/Users/anna_abramova/.m2/repository/org/seleniumhq/selenium/selenium-ie-driver/4.8.0/selenium-ie-driver-4.8.0.jar:/Users/anna_abramova/.m2/repository/org/seleniumhq/selenium/selenium-remote-driver/4.8.0/selenium-remote-driver-4.8.0.jar:/Users/anna_abramova/.m2/repository/com/beust/jcommander/1.82/jcommander-1.82.jar:/Users/anna_abramova/.m2/repository/io/netty/netty-buffer/4.1.87.Final/netty-buffer-4.1.87.Final.jar:/Users/anna_abramova/.m2/repository/io/netty/netty-codec-http/4.1.87.Final/netty-codec-http-4.1.87.Final.jar:/Users/anna_abramova/.m2/repository/io/netty/netty-codec/4.1.87.Final/netty-codec-4.1.87.Final.jar:/Users/anna_abramova/.m2/repository/io/netty/netty-handler/4.1.87.Final/netty-handler-4.1.87.Final.jar:/Users/anna_abramova/.m2/repository/io/netty/netty-common/4.1.87.Final/netty-common-4.1.87.Final.jar:/Users/anna_abramova/.m2/repository/io/netty/netty-transport-classes-epoll/4.1.87.Final/netty-transport-classes-epoll-4.1.87.Final.jar:/Users/anna_abramova/.m2/repository/io/netty/netty-transport-classes-kqueue/4.1.87.Final/netty-transport-classes-kqueue-4.1.87.Final.jar:/Users/anna_abramova/.m2/repository/io/netty/netty-transport-native-epoll/4.1.87.Final/netty-transport-native-epoll-4.1.87.Final.jar:/Users/anna_abramova/.m2/repository/io/netty/netty-transport-native-kqueue/4.1.87.Final/netty-transport-native-kqueue-4.1.87.Final.jar:/Users/anna_abramova/.m2/repository/io/netty/netty-transport-native-unix-common/4.1.87.Final/netty-transport-native-unix-common-4.1.87.Final.jar:/Users/anna_abramova/.m2/repository/io/netty/netty-transport/4.1.87.Final/netty-transport-4.1.87.Final.jar:/Users/anna_abramova/.m2/repository/io/netty/netty-resolver/4.1.87.Final/netty-resolver-4.1.87.Final.jar:/Users/anna_abramova/.m2/repository/io/opentelemetry/opentelemetry-api/1.22.0/opentelemetry-api-1.22.0.jar:/Users/anna_abramova/.m2/repository/io/opentelemetry/opentelemetry-context/1.22.0/opentelemetry-context-1.22.0.jar:/Users/anna_abramova/.m2/repository/io/opentelemetry/opentelemetry-exporter-logging/1.22.0/opentelemetry-exporter-logging-1.22.0.jar:/Users/anna_abramova/.m2/repository/io/opentelemetry/opentelemetry-sdk-metrics/1.22.0/opentelemetry-sdk-metrics-1.22.0.jar:/Users/anna_abramova/.m2/repository/io/opentelemetry/opentelemetry-sdk-logs/1.22.0-alpha/opentelemetry-sdk-logs-1.22.0-alpha.jar:/Users/anna_abramova/.m2/repository/io/opentelemetry/opentelemetry-api-logs/1.22.0-alpha/opentelemetry-api-logs-1.22.0-alpha.jar:/Users/anna_abramova/.m2/repository/io/opentelemetry/opentelemetry-sdk-common/1.22.0/opentelemetry-sdk-common-1.22.0.jar:/Users/anna_abramova/.m2/repository/io/opentelemetry/opentelemetry-sdk-extension-autoconfigure-spi/1.22.0/opentelemetry-sdk-extension-autoconfigure-spi-1.22.0.jar:/Users/anna_abramova/.m2/repository/io/opentelemetry/opentelemetry-sdk-extension-autoconfigure/1.22.0-alpha/opentelemetry-sdk-extension-autoconfigure-1.22.0-alpha.jar:/Users/anna_abramova/.m2/repository/io/opentelemetry/opentelemetry-sdk-trace/1.22.0/opentelemetry-sdk-trace-1.22.0.jar:/Users/anna_abramova/.m2/repository/io/opentelemetry/opentelemetry-sdk/1.22.0/opentelemetry-sdk-1.22.0.jar:/Users/anna_abramova/.m2/repository/io/opentelemetry/opentelemetry-semconv/1.22.0-alpha/opentelemetry-semconv-1.22.0-alpha.jar:/Users/anna_abramova/.m2/repository/io/ous/jtoml/2.0.0/jtoml-2.0.0.jar:/Users/anna_abramova/.m2/repository/net/bytebuddy/byte-buddy/1.12.22/byte-buddy-1.12.22.jar:/Users/anna_abramova/.m2/repository/org/apache/commons/commons-exec/1.3/commons-exec-1.3.jar:/Users/anna_abramova/.m2/repository/org/asynchttpclient/async-http-client/2.12.3/async-http-client-2.12.3.jar:/Users/anna_abramova/.m2/repository/org/asynchttpclient/async-http-client-netty-utils/2.12.3/async-http-client-netty-utils-2.12.3.jar:/Users/anna_abramova/.m2/repository/io/netty/netty-codec-socks/4.1.60.Final/netty-codec-socks-4.1.60.Final.jar:/Users/anna_abramova/.m2/repository/io/netty/netty-handler-proxy/4.1.60.Final/netty-handler-proxy-4.1.60.Final.jar:/Users/anna_abramova/.m2/repository/io/netty/netty-transport-native-epoll/4.1.60.Final/netty-transport-native-epoll-4.1.60.Final-linux-x86_64.jar:/Users/anna_abramova/.m2/repository/io/netty/netty-transport-native-kqueue/4.1.60.Final/netty-transport-native-kqueue-4.1.60.Final-osx-x86_64.jar:/Users/anna_abramova/.m2/repository/org/reactivestreams/reactive-streams/1.0.3/reactive-streams-1.0.3.jar:/Users/anna_abramova/.m2/repository/com/typesafe/netty/netty-reactive-streams/2.0.4/netty-reactive-streams-2.0.4.jar:/Users/anna_abramova/.m2/repository/com/sun/activation/jakarta.activation/1.2.2/jakarta.activation-1.2.2.jar:/Users/anna_abramova/.m2/repository/org/seleniumhq/selenium/selenium-manager/4.8.0/selenium-manager-4.8.0.jar:/Users/anna_abramova/.m2/repository/org/seleniumhq/selenium/selenium-safari-driver/4.8.0/selenium-safari-driver-4.8.0.jar:/Users/anna_abramova/.m2/repository/org/seleniumhq/selenium/selenium-support/4.8.0/selenium-support-4.8.0.jar:/Users/anna_abramova/.m2/repository/org/seleniumhq/selenium/selenium-http-jdk-client/4.5.0/selenium-http-jdk-client-4.5.0.jar:/Users/anna_abramova/.m2/repository/com/google/auto/service/auto-service-annotations/1.0.1/auto-service-annotations-1.0.1.jar:/Users/anna_abramova/.m2/repository/com/google/auto/service/auto-service/1.0.1/auto-service-1.0.1.jar:/Users/anna_abramova/.m2/repository/com/google/auto/auto-common/1.2/auto-common-1.2.jar:/Users/anna_abramova/.m2/repository/org/seleniumhq/selenium/selenium-http/4.5.0/selenium-http-4.5.0.jar:/Users/anna_abramova/.m2/repository/dev/failsafe/failsafe/3.2.4/failsafe-3.2.4.jar:/Users/anna_abramova/.m2/repository/io/github/bonigarcia/webdrivermanager/5.3.1/webdrivermanager-5.3.1.jar:/Users/anna_abramova/.m2/repository/com/github/docker-java/docker-java/3.2.13/docker-java-3.2.13.jar:/Users/anna_abramova/.m2/repository/com/github/docker-java/docker-java-core/3.2.13/docker-java-core-3.2.13.jar:/Users/anna_abramova/.m2/repository/com/github/docker-java/docker-java-api/3.2.13/docker-java-api-3.2.13.jar:/Users/anna_abramova/.m2/repository/commons-io/commons-io/2.6/commons-io-2.6.jar:/Users/anna_abramova/.m2/repository/org/apache/commons/commons-compress/1.21/commons-compress-1.21.jar:/Users/anna_abramova/.m2/repository/org/bouncycastle/bcpkix-jdk15on/1.64/bcpkix-jdk15on-1.64.jar:/Users/anna_abramova/.m2/repository/org/bouncycastle/bcprov-jdk15on/1.64/bcprov-jdk15on-1.64.jar:/Users/anna_abramova/.m2/repository/org/slf4j/jcl-over-slf4j/1.7.30/jcl-over-slf4j-1.7.30.jar:/Users/anna_abramova/.m2/repository/com/github/docker-java/docker-java-transport-httpclient5/3.2.13/docker-java-transport-httpclient5-3.2.13.jar:/Users/anna_abramova/.m2/repository/com/github/docker-java/docker-java-transport/3.2.13/docker-java-transport-3.2.13.jar:/Users/anna_abramova/.m2/repository/net/java/dev/jna/jna/5.8.0/jna-5.8.0.jar:/Users/anna_abramova/.m2/repository/org/brotli/dec/0.1.2/dec-0.1.2.jar:/Users/anna_abramova/.m2/repository/org/apache/commons/commons-lang3/3.12.0/commons-lang3-3.12.0.jar:/Users/anna_abramova/.m2/repository/org/apache/httpcomponents/client5/httpclient5/5.1.3/httpclient5-5.1.3.jar:/Users/anna_abramova/.m2/repository/org/apache/httpcomponents/core5/httpcore5/5.1.3/httpcore5-5.1.3.jar:/Users/anna_abramova/.m2/repository/org/apache/httpcomponents/core5/httpcore5-h2/5.1.3/httpcore5-h2-5.1.3.jar:/Users/anna_abramova/.m2/repository/org/slf4j/slf4j-api/1.6.4/slf4j-api-1.6.4.jar:/Users/anna_abramova/.m2/repository/ch/qos/logback/logback-classic/1.0.0/logback-classic-1.0.0.jar:/Users/anna_abramova/.m2/repository/ch/qos/logback/logback-core/1.0.0/logback-core-1.0.0.jar:"/>
    <property name="allure.results.directory" value="/Users/anna_abramova/Documents/Diplom/Diplom_3/target/allure-results"/>
    <property name="sun.cpu.endian" value="little"/>
    <property name="user.home" value="/Users/anna_abramova"/>
    <property name="user.language" value="ru"/>
    <property name="java.specification.vendor" value="Oracle Corporation"/>
    <property name="java.version.date" value="2022-09-20"/>
    <property name="java.home" value="/usr/local/Cellar/openjdk/19/libexec/openjdk.jdk/Contents/Home"/>
    <property name="file.separator" value="/"/>
    <property name="basedir" value="/Users/anna_abramova/Documents/Diplom/Diplom_3"/>
    <property name="java.vm.compressedOopsMode" value="Zero based"/>
    <property name="line.separator" value="&#10;"/>
    <property name="java.vm.specification.vendor" value="Oracle Corporation"/>
    <property name="java.specification.name" value="Java Platform API Specification"/>
    <property name="apple.awt.application.name" value="ForkedBooter"/>
    <property name="surefire.real.class.path" value="/Users/anna_abramova/Documents/Diplom/Diplom_3/target/surefire/surefirebooter5717405210306895067.jar"/>
    <property name="sun.management.compiler" value="HotSpot 64-Bit Tiered Compilers"/>
    <property name="java.runtime.version" value="19"/>
    <property name="user.name" value="anna_abramova"/>
    <property name="stdout.encoding" value="UTF-8"/>
    <property name="path.separator" value=":"/>
    <property name="os.version" value="12.0.1"/>
    <property name="java.runtime.name" value="OpenJDK Runtime Environment"/>
    <property name="file.encoding" value="UTF-8"/>
    <property name="java.vm.name" value="OpenJDK 64-Bit Server VM"/>
    <property name="java.vendor.version" value="Homebrew"/>
    <property name="localRepository" value="/Users/anna_abramova/.m2/repository"/>
    <property name="java.vendor.url.bug" value="https://github.com/Homebrew/homebrew-core/issues"/>
    <property name="java.io.tmpdir" value="/var/folders/0d/6pc563xs68dg8rmmk6fqpm2h0000gn/T/"/>
    <property name="java.version" value="19"/>
    <property name="user.dir" value="/Users/anna_abramova/Documents/Diplom/Diplom_3"/>
    <property name="os.arch" value="x86_64"/>
    <property name="java.vm.specification.name" value="Java Virtual Machine Specification"/>
    <property name="native.encoding" value="UTF-8"/>
    <property name="java.library.path" value="/Users/anna_abramova/Library/Java/Extensions:/Library/Java/Extensions:/Network/Library/Java/Extensions:/System/Library/Java/Extensions:/usr/lib/java:."/>
    <property name="java.vm.info" value="mixed mode, sharing"/>
    <property name="stderr.encoding" value="UTF-8"/>
    <property name="java.vendor" value="Homebrew"/>
    <property name="java.vm.version" value="19"/>
    <property name="sun.io.unicode.encoding" value="UnicodeBig"/>
    <property name="java.class.version" value="63.0"/>
  </properties>
  <testcase name="verifyErrorShortPasswordReg" classname="TestRegistrationMain" time="7.134">
    <failure message="expected:&lt;Некорректный пароль[. Минимальный пароль — шесть символов]&gt; but was:&lt;Некорректный пароль[]&gt;" type="org.junit.ComparisonFailure"><![CDATA[org.junit.ComparisonFailure: expected:<Некорректный пароль[. Минимальный пароль — шесть символов]> but was:<Некорректный пароль[]>
	at TestRegistrationMain.verifyErrorShortPasswordReg(TestRegistrationMain.java:40)
]]></failure>
    <system-out><![CDATA[21:40:00.541 [main] DEBUG i.g.b.wdm.cache.ResolutionCache - Resolution chrome=111 in cache (valid until 22:31:59 19/03/2023 MSK)
21:40:00.542 [main] DEBUG i.g.b.wdm.cache.ResolutionCache - Resolution chrome111=111.0.5563.64 in cache (valid until 19:08:24 20/03/2023 MSK)
21:40:00.542 [main] INFO  i.g.bonigarcia.wdm.WebDriverManager - Using chromedriver 111.0.5563.64 (resolved driver for Chrome 111)
21:40:00.546 [main] DEBUG i.g.bonigarcia.wdm.WebDriverManager - Driver chromedriver 111.0.5563.64 found in cache
21:40:00.546 [main] INFO  i.g.bonigarcia.wdm.WebDriverManager - Exporting webdriver.chrome.driver as /Users/anna_abramova/.cache/selenium/chromedriver/mac64/111.0.5563.64/chromedriver
21:40:05.997 [main] DEBUG o.a.h.i.c.BasicClientConnectionManager - Get connection for route {}->http://stellarburgers.nomoreparties.site:80
21:40:05.999 [main] DEBUG o.a.h.i.c.DefaultClientConnectionOperator - Connecting to stellarburgers.nomoreparties.site:80
21:40:06.048 [main] DEBUG o.a.h.c.protocol.RequestAddCookies - CookieSpec selected: ignoreCookies
21:40:06.049 [main] DEBUG o.a.h.c.protocol.RequestAuthCache - Auth cache not set in the context
21:40:06.049 [main] DEBUG o.a.h.c.p.RequestTargetAuthentication - Target auth state: UNCHALLENGED
21:40:06.049 [main] DEBUG o.a.h.c.p.RequestProxyAuthentication - Proxy auth state: UNCHALLENGED
21:40:06.049 [main] DEBUG o.a.h.impl.client.DefaultHttpClient - Attempt 1 to execute request
21:40:06.049 [main] DEBUG o.a.h.i.conn.DefaultClientConnection - Sending request: POST /api/auth/register HTTP/1.1
21:40:06.049 [main] DEBUG org.apache.http.wire -  >> "POST /api/auth/register HTTP/1.1[\r][\n]"
21:40:06.049 [main] DEBUG org.apache.http.wire -  >> "Accept: */*[\r][\n]"
21:40:06.049 [main] DEBUG org.apache.http.wire -  >> "Content-Type: application/json[\r][\n]"
21:40:06.049 [main] DEBUG org.apache.http.wire -  >> "Content-Length: 65[\r][\n]"
21:40:06.049 [main] DEBUG org.apache.http.wire -  >> "Host: stellarburgers.nomoreparties.site[\r][\n]"
21:40:06.049 [main] DEBUG org.apache.http.wire -  >> "Connection: Keep-Alive[\r][\n]"
21:40:06.049 [main] DEBUG org.apache.http.wire -  >> "User-Agent: Apache-HttpClient/4.5.13 (Java/19)[\r][\n]"
21:40:06.049 [main] DEBUG org.apache.http.wire -  >> "Accept-Encoding: gzip,deflate[\r][\n]"
21:40:06.049 [main] DEBUG org.apache.http.wire -  >> "[\r][\n]"
21:40:06.049 [main] DEBUG org.apache.http.headers - >> POST /api/auth/register HTTP/1.1
21:40:06.050 [main] DEBUG org.apache.http.headers - >> Accept: */*
21:40:06.050 [main] DEBUG org.apache.http.headers - >> Content-Type: application/json
21:40:06.050 [main] DEBUG org.apache.http.headers - >> Content-Length: 65
21:40:06.050 [main] DEBUG org.apache.http.headers - >> Host: stellarburgers.nomoreparties.site
21:40:06.050 [main] DEBUG org.apache.http.headers - >> Connection: Keep-Alive
21:40:06.050 [main] DEBUG org.apache.http.headers - >> User-Agent: Apache-HttpClient/4.5.13 (Java/19)
21:40:06.050 [main] DEBUG org.apache.http.headers - >> Accept-Encoding: gzip,deflate
21:40:06.050 [main] DEBUG org.apache.http.wire -  >> "{"email":"KqzGZgZU@gmail.ru","password":"vQEa","name":"FMajcJCY"}"
21:40:06.223 [main] DEBUG org.apache.http.wire -  << "HTTP/1.1 200 OK[\r][\n]"
21:40:06.223 [main] DEBUG org.apache.http.wire -  << "Date: Sun, 19 Mar 2023 18:40:06 GMT[\r][\n]"
21:40:06.223 [main] DEBUG org.apache.http.wire -  << "Content-Type: application/json; charset=utf-8[\r][\n]"
21:40:06.223 [main] DEBUG org.apache.http.wire -  << "Transfer-Encoding: chunked[\r][\n]"
21:40:06.223 [main] DEBUG org.apache.http.wire -  << "Connection: keep-alive[\r][\n]"
21:40:06.223 [main] DEBUG org.apache.http.wire -  << "X-Powered-By: Express[\r][\n]"
21:40:06.223 [main] DEBUG org.apache.http.wire -  << "Access-Control-Allow-Origin: *[\r][\n]"
21:40:06.223 [main] DEBUG org.apache.http.wire -  << "authorization: Bearer eyJhbGciOiJIUzI1NiIsInR5cCI6IkpXVCJ9.eyJpZCI6IjY0MTc1NzA2OWVkMjgwMDAxYjJmNWFhOSIsImlhdCI6MTY3OTI1MTIwNiwiZXhwIjoxNjc5MjUyNDA2fQ.fZGDpg40SWn2J9H6g1Yyp2ODKUashGcxnNo-CMafapk[\r][\n]"
21:40:06.223 [main] DEBUG org.apache.http.wire -  << "ETag: W/"16c-x3ueCA65j3DVzLKIJr2QlSUvurg"[\r][\n]"
21:40:06.223 [main] DEBUG org.apache.http.wire -  << "CF-Cache-Status: DYNAMIC[\r][\n]"
21:40:06.223 [main] DEBUG org.apache.http.wire -  << "Report-To: {"endpoints":[{"url":"https:\/\/a.nel.cloudflare.com\/report\/v3?s=Vliqn95qIrrg7rqJjpj05m%2BK8JRIf%2FrsbtgKyZ%2BzN7d9BESNKj1C6fCAJifAL8leXdotlQY7G8z7VkFWatanYAGRyy9S5x0cqZjTJ4y56CpwVHeQ6AwOMaz02uqjt7WFmYmRX2NPmcvOQAOOim7T5ItUgqs%3D"}],"group":"cf-nel","max_age":604800}[\r][\n]"
21:40:06.223 [main] DEBUG org.apache.http.wire -  << "NEL: {"success_fraction":0,"report_to":"cf-nel","max_age":604800}[\r][\n]"
21:40:06.223 [main] DEBUG org.apache.http.wire -  << "Server: cloudflare[\r][\n]"
21:40:06.223 [main] DEBUG org.apache.http.wire -  << "CF-RAY: 7aa7d7869e8e2c3d-FRA[\r][\n]"
21:40:06.223 [main] DEBUG org.apache.http.wire -  << "Content-Encoding: gzip[\r][\n]"
21:40:06.224 [main] DEBUG org.apache.http.wire -  << "alt-svc: h3=":443"; ma=86400, h3-29=":443"; ma=86400[\r][\n]"
21:40:06.224 [main] DEBUG org.apache.http.wire -  << "[\r][\n]"
21:40:06.224 [main] DEBUG o.a.h.i.conn.DefaultClientConnection - Receiving response: HTTP/1.1 200 OK
21:40:06.224 [main] DEBUG org.apache.http.headers - << HTTP/1.1 200 OK
21:40:06.224 [main] DEBUG org.apache.http.headers - << Date: Sun, 19 Mar 2023 18:40:06 GMT
21:40:06.224 [main] DEBUG org.apache.http.headers - << Content-Type: application/json; charset=utf-8
21:40:06.224 [main] DEBUG org.apache.http.headers - << Transfer-Encoding: chunked
21:40:06.224 [main] DEBUG org.apache.http.headers - << Connection: keep-alive
21:40:06.224 [main] DEBUG org.apache.http.headers - << X-Powered-By: Express
21:40:06.224 [main] DEBUG org.apache.http.headers - << Access-Control-Allow-Origin: *
21:40:06.224 [main] DEBUG org.apache.http.headers - << authorization: Bearer eyJhbGciOiJIUzI1NiIsInR5cCI6IkpXVCJ9.eyJpZCI6IjY0MTc1NzA2OWVkMjgwMDAxYjJmNWFhOSIsImlhdCI6MTY3OTI1MTIwNiwiZXhwIjoxNjc5MjUyNDA2fQ.fZGDpg40SWn2J9H6g1Yyp2ODKUashGcxnNo-CMafapk
21:40:06.224 [main] DEBUG org.apache.http.headers - << ETag: W/"16c-x3ueCA65j3DVzLKIJr2QlSUvurg"
21:40:06.224 [main] DEBUG org.apache.http.headers - << CF-Cache-Status: DYNAMIC
21:40:06.224 [main] DEBUG org.apache.http.headers - << Report-To: {"endpoints":[{"url":"https:\/\/a.nel.cloudflare.com\/report\/v3?s=Vliqn95qIrrg7rqJjpj05m%2BK8JRIf%2FrsbtgKyZ%2BzN7d9BESNKj1C6fCAJifAL8leXdotlQY7G8z7VkFWatanYAGRyy9S5x0cqZjTJ4y56CpwVHeQ6AwOMaz02uqjt7WFmYmRX2NPmcvOQAOOim7T5ItUgqs%3D"}],"group":"cf-nel","max_age":604800}
21:40:06.224 [main] DEBUG org.apache.http.headers - << NEL: {"success_fraction":0,"report_to":"cf-nel","max_age":604800}
21:40:06.224 [main] DEBUG org.apache.http.headers - << Server: cloudflare
21:40:06.224 [main] DEBUG org.apache.http.headers - << CF-RAY: 7aa7d7869e8e2c3d-FRA
21:40:06.224 [main] DEBUG org.apache.http.headers - << Content-Encoding: gzip
21:40:06.224 [main] DEBUG org.apache.http.headers - << alt-svc: h3=":443"; ma=86400, h3-29=":443"; ma=86400
21:40:06.224 [main] DEBUG o.a.h.impl.client.DefaultHttpClient - Connection can be kept alive indefinitely
21:40:06.225 [main] DEBUG i.r.internal.RestAssuredHttpBuilder - Parsing response as: application/json; charset=utf-8
21:40:06.225 [main] DEBUG org.apache.http.wire -  << "146[\r][\n]"
21:40:06.225 [main] DEBUG org.apache.http.wire -  << "[0x1f][0x8b][0x8][0x0][0x0][0x0][0x0][0x0][0x0][0x3]4[0xcf][0xcb]N[0x83]@[0x18]@[0xe1]W1[0xff][0xba]6[0xc3][0x0]Cae[0x85][0xb4][0xe][0x6][0x88][0x96]^[0xe8]n[0x98][0xb][0xb7]B[0x11]$[0x14][0x9a][0xbe][0xbb][0xd1][0xc4][0xed][0xb7]8[0xc9][0xb9]C?p.[0xfb][0x1e][0x9c][0xef]n[0x90][0xb][0x18]z[0xd9][0x81]s[0x7]Y[0xb3][0xe2][0x2][0xe]T_s6g[0xf3][0xf0][0x92][0xfd][0xc2][0xb2][0x1b]`[0x1][\r][0xab]%8[0xb0][0x9]X[0xc9]}7[0x81][0xc7][0x2][0xd8]_$[0xbe]V[0xb2][0x1][0x7]^%[0xeb]d[0xf7]$'?O[0xb7][0xbc][0x88][\n]"
21:40:06.225 [main] DEBUG org.apache.http.wire -  << "[0x9f][0xee]g[0xaa][0x85][0x5][0xed]i[0xf3]ir[0x97][0x12]Z[0xb5][0xa7][0x83][0xeb][0xdb]K9[0xf9][0xed][0xf9][0x17][0xca][0x4][0x5]1[0xd7][0xc2]y[0x8d][0xa3][0xe3][0xa1][\n]"
21:40:06.225 [main] DEBUG org.apache.http.wire -  << "[0xca]l[0xc][0xbc][0xf5]-)[0xfd]:<n[0xf2]hG{Z_r[0xe1]R[0x12][0xc4][0x89][0x1e][0xc5]T[0xb]b:[0x86][0xc5]X[0x9c]O[0xf9]H[0xcb][0xeb]-,[0xb9][0x19][0x94][0xfb])[0xf4][0xd6]X},[0xd5]y[0xeb][0xb5][0x99][0x81]v[0xc7][0x6][0xfb][0xf6][0x1b][0xc9][0xb4]djq[0xe4][0xbd][0xef]Y[0x9f]o[0xf9][0xad][0x9][0xaf][0xcf]n[0xc0][0x14]k+X@'U'[0xfb][0xfc][0xff][0x81]0[0x99][0x1a]X[0x11]n[\n]"
21:40:06.225 [main] DEBUG org.apache.http.wire -  << "K $[0xa5][0xb4][0xc]n[0xa6][0x1c][0xa5]([0x15]X[0xc7][0x16]3[0x90][0xad]3[0xa4]![0xcd]V[0xba][0xc9],=[0xd5][0xf1][0xca]J[0xc5][0x8a]qe[0x9]"[0x8]A+[0xd3]T[0x16][0xb1]-![0x94][0x80][0xc7][0xf][0x0][0x0][0x0][0xff][0xff][0x3][0x0][0xb1][0xd5][Wl[0x1][0x0][0x0]"
21:40:06.225 [main] DEBUG org.apache.http.wire -  << "[\r][\n]"
21:40:06.225 [main] DEBUG org.apache.http.wire -  << "0[\r][\n]"
21:40:06.225 [main] DEBUG org.apache.http.wire -  << "[\r][\n]"
21:40:06.225 [main] DEBUG i.r.internal.RestAssuredHttpBuilder - Parsed data to instance of: class org.apache.http.conn.EofSensorInputStream
21:40:07.214 [main] DEBUG o.a.h.i.c.BasicClientConnectionManager - Get connection for route {}->http://stellarburgers.nomoreparties.site:80
21:40:07.214 [main] DEBUG o.a.h.i.c.DefaultClientConnectionOperator - Connecting to stellarburgers.nomoreparties.site:80
21:40:07.265 [main] DEBUG o.a.h.c.protocol.RequestAddCookies - CookieSpec selected: ignoreCookies
21:40:07.265 [main] DEBUG o.a.h.c.protocol.RequestAuthCache - Auth cache not set in the context
21:40:07.265 [main] DEBUG o.a.h.c.p.RequestTargetAuthentication - Target auth state: UNCHALLENGED
21:40:07.265 [main] DEBUG o.a.h.c.p.RequestProxyAuthentication - Proxy auth state: UNCHALLENGED
21:40:07.265 [main] DEBUG o.a.h.impl.client.DefaultHttpClient - Attempt 1 to execute request
21:40:07.265 [main] DEBUG o.a.h.i.conn.DefaultClientConnection - Sending request: POST /api/auth/login HTTP/1.1
21:40:07.265 [main] DEBUG org.apache.http.wire -  >> "POST /api/auth/login HTTP/1.1[\r][\n]"
21:40:07.265 [main] DEBUG org.apache.http.wire -  >> "Accept: */*[\r][\n]"
21:40:07.265 [main] DEBUG org.apache.http.wire -  >> "Content-Type: application/json[\r][\n]"
21:40:07.265 [main] DEBUG org.apache.http.wire -  >> "Content-Length: 30[\r][\n]"
21:40:07.265 [main] DEBUG org.apache.http.wire -  >> "Host: stellarburgers.nomoreparties.site[\r][\n]"
21:40:07.265 [main] DEBUG org.apache.http.wire -  >> "Connection: Keep-Alive[\r][\n]"
21:40:07.265 [main] DEBUG org.apache.http.wire -  >> "User-Agent: Apache-HttpClient/4.5.13 (Java/19)[\r][\n]"
21:40:07.265 [main] DEBUG org.apache.http.wire -  >> "Accept-Encoding: gzip,deflate[\r][\n]"
21:40:07.265 [main] DEBUG org.apache.http.wire -  >> "[\r][\n]"
21:40:07.265 [main] DEBUG org.apache.http.headers - >> POST /api/auth/login HTTP/1.1
21:40:07.265 [main] DEBUG org.apache.http.headers - >> Accept: */*
21:40:07.265 [main] DEBUG org.apache.http.headers - >> Content-Type: application/json
21:40:07.265 [main] DEBUG org.apache.http.headers - >> Content-Length: 30
21:40:07.265 [main] DEBUG org.apache.http.headers - >> Host: stellarburgers.nomoreparties.site
21:40:07.265 [main] DEBUG org.apache.http.headers - >> Connection: Keep-Alive
21:40:07.265 [main] DEBUG org.apache.http.headers - >> User-Agent: Apache-HttpClient/4.5.13 (Java/19)
21:40:07.265 [main] DEBUG org.apache.http.headers - >> Accept-Encoding: gzip,deflate
21:40:07.266 [main] DEBUG org.apache.http.wire -  >> "{"email":null,"password":null}"
21:40:07.350 [main] DEBUG org.apache.http.wire -  << "HTTP/1.1 401 Unauthorized[\r][\n]"
21:40:07.350 [main] DEBUG org.apache.http.wire -  << "Date: Sun, 19 Mar 2023 18:40:07 GMT[\r][\n]"
21:40:07.350 [main] DEBUG org.apache.http.wire -  << "Content-Type: application/json; charset=utf-8[\r][\n]"
21:40:07.350 [main] DEBUG org.apache.http.wire -  << "Content-Length: 61[\r][\n]"
21:40:07.350 [main] DEBUG org.apache.http.wire -  << "Connection: keep-alive[\r][\n]"
21:40:07.350 [main] DEBUG org.apache.http.wire -  << "X-Powered-By: Express[\r][\n]"
21:40:07.350 [main] DEBUG org.apache.http.wire -  << "Access-Control-Allow-Origin: *[\r][\n]"
21:40:07.350 [main] DEBUG org.apache.http.wire -  << "ETag: W/"3d-ad9nrqlzQBuoZ0AId1U3rIgKU84"[\r][\n]"
21:40:07.350 [main] DEBUG org.apache.http.wire -  << "CF-Cache-Status: DYNAMIC[\r][\n]"
21:40:07.350 [main] DEBUG org.apache.http.wire -  << "Report-To: {"endpoints":[{"url":"https:\/\/a.nel.cloudflare.com\/report\/v3?s=%2FuqKP3oXPHesdlzDxE%2FKQLgYK3yl7j%2FyT62WCVTSunERDowZdqS5HbpFIDFRVinFNdHj%2Fjfyr6JV0RVBGsRV22uF9RrdWkPVkApgrQe9UD2B%2FqRoTzWBpPftUTycGW%2BrBNrtTv2u5fo0cnzyogFlQFgmekk%3D"}],"group":"cf-nel","max_age":604800}[\r][\n]"
21:40:07.350 [main] DEBUG org.apache.http.wire -  << "NEL: {"success_fraction":0,"report_to":"cf-nel","max_age":604800}[\r][\n]"
21:40:07.351 [main] DEBUG org.apache.http.wire -  << "Server: cloudflare[\r][\n]"
21:40:07.351 [main] DEBUG org.apache.http.wire -  << "CF-RAY: 7aa7d78e3897921d-FRA[\r][\n]"
21:40:07.351 [main] DEBUG org.apache.http.wire -  << "alt-svc: h3=":443"; ma=86400, h3-29=":443"; ma=86400[\r][\n]"
21:40:07.351 [main] DEBUG org.apache.http.wire -  << "[\r][\n]"
21:40:07.351 [main] DEBUG o.a.h.i.conn.DefaultClientConnection - Receiving response: HTTP/1.1 401 Unauthorized
21:40:07.351 [main] DEBUG org.apache.http.headers - << HTTP/1.1 401 Unauthorized
21:40:07.351 [main] DEBUG org.apache.http.headers - << Date: Sun, 19 Mar 2023 18:40:07 GMT
21:40:07.351 [main] DEBUG org.apache.http.headers - << Content-Type: application/json; charset=utf-8
21:40:07.351 [main] DEBUG org.apache.http.headers - << Content-Length: 61
21:40:07.351 [main] DEBUG org.apache.http.headers - << Connection: keep-alive
21:40:07.351 [main] DEBUG org.apache.http.headers - << X-Powered-By: Express
21:40:07.351 [main] DEBUG org.apache.http.headers - << Access-Control-Allow-Origin: *
21:40:07.351 [main] DEBUG org.apache.http.headers - << ETag: W/"3d-ad9nrqlzQBuoZ0AId1U3rIgKU84"
21:40:07.351 [main] DEBUG org.apache.http.headers - << CF-Cache-Status: DYNAMIC
21:40:07.351 [main] DEBUG org.apache.http.headers - << Report-To: {"endpoints":[{"url":"https:\/\/a.nel.cloudflare.com\/report\/v3?s=%2FuqKP3oXPHesdlzDxE%2FKQLgYK3yl7j%2FyT62WCVTSunERDowZdqS5HbpFIDFRVinFNdHj%2Fjfyr6JV0RVBGsRV22uF9RrdWkPVkApgrQe9UD2B%2FqRoTzWBpPftUTycGW%2BrBNrtTv2u5fo0cnzyogFlQFgmekk%3D"}],"group":"cf-nel","max_age":604800}
21:40:07.351 [main] DEBUG org.apache.http.headers - << NEL: {"success_fraction":0,"report_to":"cf-nel","max_age":604800}
21:40:07.351 [main] DEBUG org.apache.http.headers - << Server: cloudflare
21:40:07.351 [main] DEBUG org.apache.http.headers - << CF-RAY: 7aa7d78e3897921d-FRA
21:40:07.351 [main] DEBUG org.apache.http.headers - << alt-svc: h3=":443"; ma=86400, h3-29=":443"; ma=86400
21:40:07.352 [main] DEBUG o.a.h.impl.client.DefaultHttpClient - Connection can be kept alive indefinitely
21:40:07.352 [main] DEBUG o.a.h.impl.client.DefaultHttpClient - Authentication required
21:40:07.352 [main] DEBUG o.a.h.impl.client.DefaultHttpClient - stellarburgers.nomoreparties.site:80 requested authentication
21:40:07.352 [main] DEBUG o.a.h.impl.client.DefaultHttpClient - Response contains no authentication challenges
21:40:07.352 [main] DEBUG i.r.internal.RestAssuredHttpBuilder - Parsing response as: application/json; charset=utf-8
21:40:07.352 [main] DEBUG i.r.internal.RestAssuredHttpBuilder - Parsed data to instance of: class org.apache.http.conn.EofSensorInputStream
21:40:07.355 [main] DEBUG org.apache.http.wire -  << "{"success":false,"message":"email or password are incorrect"}"
21:40:07.355 [main] DEBUG o.a.h.i.c.BasicClientConnectionManager - Releasing connection org.apache.http.impl.conn.ManagedClientConnectionImpl@32a37d12
21:40:07.356 [main] DEBUG o.a.h.i.c.BasicClientConnectionManager - Connection can be kept alive indefinitely
]]></system-out>
    <system-err><![CDATA[Starting ChromeDriver 111.0.5563.64 (c710e93d5b63b7095afe8c2c17df34408078439d-refs/branch-heads/5563@{#995}) on port 8829
Only local connections are allowed.
Please see https://chromedriver.chromium.org/security-considerations for suggestions on keeping ChromeDriver safe.
ChromeDriver was started successfully.
мар. 19, 2023 9:40:02 PM org.openqa.selenium.devtools.CdpVersionFinder findNearestMatch
WARNING: Unable to find an exact match for CDP version 111, so returning the closest version found: 109
]]></system-err>
  </testcase>
  <testcase name="verifySuccessRegIsPossible" classname="TestRegistrationMain" time="7.181"/>
</testsuite>